<?xml version="1.0" encoding="UTF-8"?>
<!-- Generated by org.testng.reporters.JUnitXMLReporter -->
<testsuite ignored="0" hostname="DESKTOP-JHJR3MJ" failures="0" tests="3" name="Default test" time="14.075" errors="0" timestamp="2022-06-22T16:28:37 EDT">
  <testcase classname="com.saucedemo.config.BaseEvents" name="LoginTest" time="0.008"/>
  <testcase classname="com.saucedemo.tests.LoginTest" name="verifyLogin" time="4.601"/>
  <testcase classname="com.saucedemo.tests.LoginTest" name="verifyLogin" time="4.631"/>
</testsuite> <!-- Default test -->
