<?xml version="1.0" encoding="UTF-8"?>
<testng-results ignored="0" total="3" passed="3" failed="0" skipped="0">
  <reporter-output>
  </reporter-output>
  <suite started-at="2022-06-22T16:28:23 EDT" name="Default suite" finished-at="2022-06-22T16:28:37 EDT" duration-ms="14075">
    <groups>
    </groups>
    <test started-at="2022-06-22T16:28:23 EDT" name="Default test" finished-at="2022-06-22T16:28:37 EDT" duration-ms="14075">
      <class name="com.saucedemo.tests.LoginTest">
        <test-method is-config="true" signature="setUp()[pri:0, instance:com.saucedemo.tests.LoginTest@235ecd9f]" started-at="2022-06-22T16:28:23 EDT" name="setUp" finished-at="2022-06-22T16:28:26 EDT" duration-ms="3388" status="PASS">
          <reporter-output>
          </reporter-output>
        </test-method> <!-- setUp -->
        <test-method signature="LoginTest()[pri:0, instance:com.saucedemo.tests.LoginTest@235ecd9f]" started-at="2022-06-22T16:28:26 EDT" name="LoginTest" finished-at="2022-06-22T16:28:26 EDT" duration-ms="8" status="PASS">
          <reporter-output>
          </reporter-output>
        </test-method> <!-- LoginTest -->
        <test-method signature="verifyLogin(java.lang.String,java.lang.String)[pri:0, instance:com.saucedemo.tests.LoginTest@235ecd9f]" started-at="2022-06-22T16:28:27 EDT" name="verifyLogin" data-provider="LoginData" finished-at="2022-06-22T16:28:32 EDT" duration-ms="4601" status="PASS">
          <params>
            <param index="0">
              <value>
                <![CDATA[standard_user]]>
              </value>
            </param>
            <param index="1">
              <value>
                <![CDATA[secret_sauce]]>
              </value>
            </param>
          </params>
          <reporter-output>
          </reporter-output>
        </test-method> <!-- verifyLogin -->
        <test-method signature="verifyLogin(java.lang.String,java.lang.String)[pri:0, instance:com.saucedemo.tests.LoginTest@235ecd9f]" started-at="2022-06-22T16:28:32 EDT" name="verifyLogin" data-provider="LoginData" finished-at="2022-06-22T16:28:37 EDT" duration-ms="4631" status="PASS">
          <params>
            <param index="0">
              <value>
                <![CDATA[problem_user]]>
              </value>
            </param>
            <param index="1">
              <value>
                <![CDATA[secret_sauce]]>
              </value>
            </param>
          </params>
          <reporter-output>
          </reporter-output>
        </test-method> <!-- verifyLogin -->
        <test-method is-config="true" signature="tearDown()[pri:0, instance:com.saucedemo.tests.LoginTest@235ecd9f]" started-at="2022-06-22T16:28:37 EDT" name="tearDown" finished-at="2022-06-22T16:28:37 EDT" duration-ms="258" status="PASS">
          <reporter-output>
          </reporter-output>
        </test-method> <!-- tearDown -->
      </class> <!-- com.saucedemo.tests.LoginTest -->
    </test> <!-- Default test -->
  </suite> <!-- Default suite -->
</testng-results>
